0 info it worked if it ends with ok
1 verbose cli [ 'C:\\Users\\Epulapp\\AppData\\Local\\.meteor\\packages\\meteor-tool\\1.4.2_3\\mt-os.windows.x86_32\\dev_bundle\\bin\\node.exe',
1 verbose cli   'C:\\Users\\Epulapp\\AppData\\Local\\.meteor\\packages\\meteor-tool\\1.4.2_3\\mt-os.windows.x86_32\\dev_bundle\\lib\\node_modules\\npm\\bin\\npm-cli.js',
1 verbose cli   'start' ]
2 info using npm@3.10.9
3 info using node@v4.6.2
4 verbose run-script [ 'prestart', 'start', 'poststart' ]
5 info lifecycle vue-meteor-demo@~prestart: vue-meteor-demo@
6 silly lifecycle vue-meteor-demo@~prestart: no script for prestart, continuing
7 info lifecycle vue-meteor-demo@~start: vue-meteor-demo@
8 verbose lifecycle vue-meteor-demo@~start: unsafe-perm in lifecycle true
9 verbose lifecycle vue-meteor-demo@~start: PATH: C:\Users\Epulapp\AppData\Local\.meteor\packages\meteor-tool\1.4.2_3\mt-os.windows.x86_32\dev_bundle\lib\node_modules\npm\bin\node-gyp-bin;C:\Projects\Meteor\RiskTimesaver\node_modules\.bin;C:\Users\Epulapp\AppData\Local\.meteor\packages\meteor-tool\1.4.2_3\mt-os.windows.x86_32\dev_bundle\bin;C:\Users\Epulapp\AppData\Local\.meteor\packages\meteor-tool\1.4.2_3\mt-os.windows.x86_32\dev_bundle\lib\node_modules\.bin;C:\Program Files\Java\jdk1.8.0_77\bin\;C:\Program Files (x86)\Java\jdk1.8.0_77\bin\;C:\ProgramData\Oracle\Java\javapath;C:\Windows\system32;C:\Windows;C:\Windows\System32\Wbem;C:\Windows\System32\WindowsPowerShell\v1.0\;C:\WINDOWS\CCM;C:\WINDOWS\CCM;C:\Program Files\SASHome\Secure\ccme4;C:\Program Files\SASHome\x86\Secure\ccme4;C:\Windows\CCM;C:\Windows\CCM;C:\Progra~1\MATLAB\R2008b\bin;C:\Progra~1\MATLAB\R2008b\bin\win32;C:\Program Files (x86)\Windows Kits\8.1\Windows Performance Toolkit\;C:\Program Files\Microsoft SQL Server\110\Tools\Binn\;C:\Program Files (x86)\Microsoft SDKs\TypeScript\1.0\;C:\Program Files\nodejs\;C:\Program Files\Git\cmd;C:\Program Files (x86)\Skype\Phone\;C:\Users\Epulapp\AppData\Local\atom\bin;C:\Users\Epulapp\AppData\Local\.meteor\;C:\Users\Epulapp\AppData\Roaming\npm;C:\Users\Epulapp\AppData\Local\Programs\Python\Python35-32;;C:\Program Files (x86)\Microsoft VS Code\bin;C:\Program Files\MongoDB\Server\3.4\bin
10 verbose lifecycle vue-meteor-demo@~start: CWD: C:\Projects\Meteor\RiskTimesaver
11 silly lifecycle vue-meteor-demo@~start: Args: [ '/d /s /c', 'meteor run' ]
12 silly lifecycle vue-meteor-demo@~start: Returned: code: 1  signal: null
13 info lifecycle vue-meteor-demo@~start: Failed to exec start script
14 verbose stack Error: vue-meteor-demo@ start: `meteor run`
14 verbose stack Exit status 1
14 verbose stack     at EventEmitter.<anonymous> (C:\Users\Epulapp\AppData\Local\.meteor\packages\meteor-tool\1.4.2_3\mt-os.windows.x86_32\dev_bundle\lib\node_modules\npm\lib\utils\lifecycle.js:255:16)
14 verbose stack     at emitTwo (events.js:87:13)
14 verbose stack     at EventEmitter.emit (events.js:172:7)
14 verbose stack     at ChildProcess.<anonymous> (C:\Users\Epulapp\AppData\Local\.meteor\packages\meteor-tool\1.4.2_3\mt-os.windows.x86_32\dev_bundle\lib\node_modules\npm\lib\utils\spawn.js:40:14)
14 verbose stack     at emitTwo (events.js:87:13)
14 verbose stack     at ChildProcess.emit (events.js:172:7)
14 verbose stack     at maybeClose (internal/child_process.js:854:16)
14 verbose stack     at Process.ChildProcess._handle.onexit (internal/child_process.js:222:5)
15 verbose pkgid vue-meteor-demo@
16 verbose cwd C:\Projects\Meteor\RiskTimesaver
17 error Windows_NT 6.1.7601
18 error argv "C:\\Users\\Epulapp\\AppData\\Local\\.meteor\\packages\\meteor-tool\\1.4.2_3\\mt-os.windows.x86_32\\dev_bundle\\bin\\node.exe" "C:\\Users\\Epulapp\\AppData\\Local\\.meteor\\packages\\meteor-tool\\1.4.2_3\\mt-os.windows.x86_32\\dev_bundle\\lib\\node_modules\\npm\\bin\\npm-cli.js" "start"
19 error node v4.6.2
20 error npm  v3.10.9
21 error code ELIFECYCLE
22 error vue-meteor-demo@ start: `meteor run`
22 error Exit status 1
23 error Failed at the vue-meteor-demo@ start script 'meteor run'.
23 error Make sure you have the latest version of node.js and npm installed.
23 error If you do, this is most likely a problem with the vue-meteor-demo package,
23 error not with npm itself.
23 error Tell the author that this fails on your system:
23 error     meteor run
23 error You can get information on how to open an issue for this project with:
23 error     npm bugs vue-meteor-demo
23 error Or if that isn't available, you can get their info via:
23 error     npm owner ls vue-meteor-demo
23 error There is likely additional logging output above.
24 verbose exit [ 1, true ]
